<?xml version="1.0" encoding="UTF-8"?>
<testrun name="ExtendedPickingTest" project="GLViewerTest" tests="3" started="3" failures="2" errors="0" ignored="0">
  <testsuite name="ch.chnoch.thesis.viewer.test.ExtendedPickingTest" time="0.52">
    <testcase name="testBoundingBoxes" classname="ch.chnoch.thesis.viewer.test.ExtendedPickingTest" time="0.094">
      <failure>junit.framework.AssertionFailedError: expected:&lt;(-1.0, -1.0, -1.0)&gt; but was:&lt;(-0.2, -0.2, -0.2)&gt;
at ch.chnoch.thesis.viewer.test.ExtendedPickingTest.testBoundingBoxes(ExtendedPickingTest.java:71)
at java.lang.reflect.Method.invokeNative(Native Method)
at android.test.AndroidTestRunner.runTest(AndroidTestRunner.java:169)
at android.test.AndroidTestRunner.runTest(AndroidTestRunner.java:154)
at android.test.InstrumentationTestRunner.onStart(InstrumentationTestRunner.java:529)
at android.app.Instrumentation$InstrumentationThread.run(Instrumentation.java:1448)

</failure>
    </testcase>
    <testcase name="testPicking" classname="ch.chnoch.thesis.viewer.test.ExtendedPickingTest" time="0.075">
      <failure>junit.framework.AssertionFailedError: expected:&lt;ch.chnoch.thesis.renderer.ShapeNode@40551d60&gt; but was:&lt;ch.chnoch.thesis.renderer.ShapeNode@40551d40&gt;
at ch.chnoch.thesis.viewer.test.ExtendedPickingTest.testPicking(ExtendedPickingTest.java:81)
at java.lang.reflect.Method.invokeNative(Native Method)
at android.test.AndroidTestRunner.runTest(AndroidTestRunner.java:169)
at android.test.AndroidTestRunner.runTest(AndroidTestRunner.java:154)
at android.test.InstrumentationTestRunner.onStart(InstrumentationTestRunner.java:529)
at android.app.Instrumentation$InstrumentationThread.run(Instrumentation.java:1448)

</failure>
    </testcase>
    <testcase name="testAndroidTestCaseSetupProperly" classname="ch.chnoch.thesis.viewer.test.ExtendedPickingTest" time="0.201"/>
  </testsuite>
</testrun>
