<?xml version="1.0" encoding="UTF-8"?>
<testrun name="ExtendedPickingTest" project="GLViewerTest" tests="3" started="3" failures="2" errors="0" ignored="0">
  <testsuite name="ch.chnoch.thesis.viewer.test.ExtendedPickingTest" time="0.416">
    <testcase name="testBoundingBoxes" classname="ch.chnoch.thesis.viewer.test.ExtendedPickingTest" time="0.041">
      <failure>junit.framework.AssertionFailedError: expected:&lt;(2.0, 2.0, 2.0)&gt; but was:&lt;(4.0, 4.0, 4.0)&gt;
at ch.chnoch.thesis.viewer.test.ExtendedPickingTest.testBoundingBoxes(ExtendedPickingTest.java:74)
at java.lang.reflect.Method.invokeNative(Native Method)
at android.test.AndroidTestRunner.runTest(AndroidTestRunner.java:169)
at android.test.AndroidTestRunner.runTest(AndroidTestRunner.java:154)
at android.test.InstrumentationTestRunner.onStart(InstrumentationTestRunner.java:529)
at android.app.Instrumentation$InstrumentationThread.run(Instrumentation.java:1448)

</failure>
    </testcase>
    <testcase name="testPicking" classname="ch.chnoch.thesis.viewer.test.ExtendedPickingTest" time="0.075">
      <failure>junit.framework.AssertionFailedError
at ch.chnoch.thesis.viewer.test.ExtendedPickingTest.testPicking(ExtendedPickingTest.java:95)
at java.lang.reflect.Method.invokeNative(Native Method)
at android.test.AndroidTestRunner.runTest(AndroidTestRunner.java:169)
at android.test.AndroidTestRunner.runTest(AndroidTestRunner.java:154)
at android.test.InstrumentationTestRunner.onStart(InstrumentationTestRunner.java:529)
at android.app.Instrumentation$InstrumentationThread.run(Instrumentation.java:1448)

</failure>
    </testcase>
    <testcase name="testAndroidTestCaseSetupProperly" classname="ch.chnoch.thesis.viewer.test.ExtendedPickingTest" time="0.175"/>
  </testsuite>
</testrun>
